app/build/intermediates/manifest_merge_blame_file/debug/manifest-merger-blame-debug-report.txt
1<?xml version="1.0" encoding="utf-8"?>
2<manifest xmlns:android="http://schemas.android.com/apk/res/android"
3    package="com.irfan.auto1"
4    android:versionCode="1"
5    android:versionName="1.0" >
6
7    <uses-sdk
8        android:minSdkVersion="21"
8-->src/main/AndroidManifest.xml
9        android:targetSdkVersion="33" />
9-->src/main/AndroidManifest.xml
10
11    <uses-permission android:name="android.permission.INTERNET" />
11-->src/main/AndroidManifest.xml:5:5-67
11-->src/main/AndroidManifest.xml:5:22-64
12    <uses-permission android:name="android.permission.ACCESS_WIFI_STATE" />
12-->src/main/AndroidManifest.xml:6:5-76
12-->src/main/AndroidManifest.xml:6:22-73
13
14    <queries>
14-->[com.google.ar:core:1.23.0] AndroidManifest.xml:29:5-31:15
15        <package android:name="com.google.ar.core" />
15-->[com.google.ar:core:1.23.0] AndroidManifest.xml:30:9-54
15-->[com.google.ar:core:1.23.0] AndroidManifest.xml:30:18-51
16    </queries>
17
18    <uses-permission android:name="android.permission.REORDER_TASKS" />
18-->[androidx.test:core:1.4.0] AndroidManifest.xml:24:5-72
18-->[androidx.test:core:1.4.0] AndroidManifest.xml:24:22-69
19
20    <application
20-->src/main/AndroidManifest.xml:8:5-15:19
21        android:allowBackup="true"
21-->src/main/AndroidManifest.xml:9:9-35
22        android:appComponentFactory="androidx.core.app.CoreComponentFactory"
22-->[androidx.core:core:1.6.0] AndroidManifest.xml:24:18-86
23        android:debuggable="true"
24        android:icon="@mipmap/ic_launcher"
24-->src/main/AndroidManifest.xml:10:9-43
25        android:label="@string/app_name"
25-->src/main/AndroidManifest.xml:11:9-41
26        android:roundIcon="@mipmap/ic_launcher_round"
26-->src/main/AndroidManifest.xml:12:9-54
27        android:supportsRtl="true"
27-->src/main/AndroidManifest.xml:13:9-35
28        android:theme="@style/AppTheme" >
28-->src/main/AndroidManifest.xml:14:9-40
29
30        <!-- The minimal version code of ARCore APK required for an app using this SDK. -->
31        <meta-data
31-->[com.google.ar:core:1.23.0] AndroidManifest.xml:36:9-38:41
32            android:name="com.google.ar.core.min_apk_version"
32-->[com.google.ar:core:1.23.0] AndroidManifest.xml:37:13-62
33            android:value="210210000" /> <!-- This activity is critical for installing ARCore when it is not already present. -->
33-->[com.google.ar:core:1.23.0] AndroidManifest.xml:38:13-38
34        <activity
34-->[com.google.ar:core:1.23.0] AndroidManifest.xml:40:9-46:80
35            android:name="com.google.ar.core.InstallActivity"
35-->[com.google.ar:core:1.23.0] AndroidManifest.xml:41:13-62
36            android:configChanges="keyboardHidden|orientation|screenSize"
36-->[com.google.ar:core:1.23.0] AndroidManifest.xml:42:13-74
37            android:excludeFromRecents="true"
37-->[com.google.ar:core:1.23.0] AndroidManifest.xml:43:13-46
38            android:exported="false"
38-->[com.google.ar:core:1.23.0] AndroidManifest.xml:44:13-37
39            android:launchMode="singleTop"
39-->[com.google.ar:core:1.23.0] AndroidManifest.xml:45:13-43
40            android:theme="@android:style/Theme.Material.Light.Dialog.Alert" />
40-->[com.google.ar:core:1.23.0] AndroidManifest.xml:46:13-77
41
42        <provider
42-->[androidx.lifecycle:lifecycle-process:2.2.0] AndroidManifest.xml:25:9-29:43
43            android:name="androidx.lifecycle.ProcessLifecycleOwnerInitializer"
43-->[androidx.lifecycle:lifecycle-process:2.2.0] AndroidManifest.xml:26:13-79
44            android:authorities="com.irfan.auto1.lifecycle-process"
44-->[androidx.lifecycle:lifecycle-process:2.2.0] AndroidManifest.xml:27:13-69
45            android:exported="false"
45-->[androidx.lifecycle:lifecycle-process:2.2.0] AndroidManifest.xml:28:13-37
46            android:multiprocess="true" />
46-->[androidx.lifecycle:lifecycle-process:2.2.0] AndroidManifest.xml:29:13-40
47
48        <activity
48-->[androidx.test:core:1.4.0] AndroidManifest.xml:27:9-34:20
49            android:name="androidx.test.core.app.InstrumentationActivityInvoker$BootstrapActivity"
49-->[androidx.test:core:1.4.0] AndroidManifest.xml:28:13-99
50            android:exported="true"
50-->[androidx.test:core:1.4.0] AndroidManifest.xml:29:13-36
51            android:theme="@android:style/Theme" >
51-->[androidx.test:core:1.4.0] AndroidManifest.xml:30:13-49
52            <intent-filter>
52-->[androidx.test:core:1.4.0] AndroidManifest.xml:31:13-33:29
53                <action android:name="android.intent.action.MAIN" />
53-->[androidx.test:core:1.4.0] AndroidManifest.xml:32:17-69
53-->[androidx.test:core:1.4.0] AndroidManifest.xml:32:25-66
54            </intent-filter>
55        </activity>
56        <activity
56-->[androidx.test:core:1.4.0] AndroidManifest.xml:35:9-42:20
57            android:name="androidx.test.core.app.InstrumentationActivityInvoker$EmptyActivity"
57-->[androidx.test:core:1.4.0] AndroidManifest.xml:36:13-95
58            android:exported="true"
58-->[androidx.test:core:1.4.0] AndroidManifest.xml:37:13-36
59            android:theme="@android:style/Theme" >
59-->[androidx.test:core:1.4.0] AndroidManifest.xml:38:13-49
60            <intent-filter>
60-->[androidx.test:core:1.4.0] AndroidManifest.xml:31:13-33:29
61                <action android:name="android.intent.action.MAIN" />
61-->[androidx.test:core:1.4.0] AndroidManifest.xml:32:17-69
61-->[androidx.test:core:1.4.0] AndroidManifest.xml:32:25-66
62            </intent-filter>
63        </activity>
64        <activity
64-->[androidx.test:core:1.4.0] AndroidManifest.xml:43:9-50:20
65            android:name="androidx.test.core.app.InstrumentationActivityInvoker$EmptyFloatingActivity"
65-->[androidx.test:core:1.4.0] AndroidManifest.xml:44:13-103
66            android:exported="true"
66-->[androidx.test:core:1.4.0] AndroidManifest.xml:45:13-36
67            android:theme="@android:style/Theme.Dialog" >
67-->[androidx.test:core:1.4.0] AndroidManifest.xml:46:13-56
68            <intent-filter>
68-->[androidx.test:core:1.4.0] AndroidManifest.xml:31:13-33:29
69                <action android:name="android.intent.action.MAIN" />
69-->[androidx.test:core:1.4.0] AndroidManifest.xml:32:17-69
69-->[androidx.test:core:1.4.0] AndroidManifest.xml:32:25-66
70            </intent-filter>
71        </activity>
72    </application>
73
74</manifest>